===============================================================
Gobuster v3.1.0
by OJ Reeves (@TheColonial) & Christian Mehlmauer (@firefart)
===============================================================
[+] Url:                     http://wekor.thm/
[+] Method:                  GET
[+] Threads:                 80
[+] Wordlist:                /usr/share/wordlists/directory_enum/common.txt
[+] Negative Status codes:   404
[+] User Agent:              gobuster/3.1.0
[+] Extensions:              html,php,txt
[+] Timeout:                 10s
===============================================================
2021/11/03 18:12:47 Starting gobuster in directory enumeration mode
===============================================================
/.htpasswd.txt        (Status: 403) [Size: 274]
/.htpasswd            (Status: 403) [Size: 274]
/.htpasswd.html       (Status: 403) [Size: 274]
/.htpasswd.php        (Status: 403) [Size: 274]
/.hta                 (Status: 403) [Size: 274]
/.hta.html            (Status: 403) [Size: 274]
/.hta.php             (Status: 403) [Size: 274]
/.hta.txt             (Status: 403) [Size: 274]
/.htaccess.html       (Status: 403) [Size: 274]
/.htaccess            (Status: 403) [Size: 274]
/.htaccess.php        (Status: 403) [Size: 274]
/.htaccess.txt        (Status: 403) [Size: 274]
/index.html           (Status: 200) [Size: 23] 
/index.html           (Status: 200) [Size: 23] 
/robots.txt           (Status: 200) [Size: 188]
/robots.txt           (Status: 200) [Size: 188]
/server-status        (Status: 403) [Size: 274]
===============================================================
2021/11/03 18:13:49 Finished
===============================================================
