===============================================================
Gobuster v3.1.0
by OJ Reeves (@TheColonial) & Christian Mehlmauer (@firefart)
===============================================================
[+] Url:                     http://site.wekor.thm/
[+] Method:                  GET
[+] Threads:                 80
[+] Wordlist:                /usr/share/wordlists/directory_enum/common.txt
[+] Negative Status codes:   404
[+] User Agent:              gobuster/3.1.0
[+] Extensions:              html,php,txt
[+] Timeout:                 10s
===============================================================
2021/11/03 18:36:07 Starting gobuster in directory enumeration mode
===============================================================
/.htpasswd            (Status: 403) [Size: 279]
/.htaccess            (Status: 403) [Size: 279]
/.hta.html            (Status: 403) [Size: 279]
/.hta.php             (Status: 403) [Size: 279]
/.hta.txt             (Status: 403) [Size: 279]
/.hta                 (Status: 403) [Size: 279]
/.htpasswd.html       (Status: 403) [Size: 279]
/.htaccess.html       (Status: 403) [Size: 279]
/.htpasswd.php        (Status: 403) [Size: 279]
/.htaccess.php        (Status: 403) [Size: 279]
/.htpasswd.txt        (Status: 403) [Size: 279]
/.htaccess.txt        (Status: 403) [Size: 279]
/index.html           (Status: 200) [Size: 143]
/index.html           (Status: 200) [Size: 143]
/server-status        (Status: 403) [Size: 279]
/wordpress            (Status: 301) [Size: 320] [--> http://site.wekor.thm/wordpress/]
===============================================================
2021/11/03 18:37:10 Finished
===============================================================
