===============================================================
Gobuster v3.1.0
by OJ Reeves (@TheColonial) & Christian Mehlmauer (@firefart)
===============================================================
[+] Url:                     http://10.10.9.30/
[+] Method:                  GET
[+] Threads:                 80
[+] Wordlist:                /usr/share/wordlists/directory_enum/big.txt
[+] Negative Status codes:   404
[+] User Agent:              gobuster/3.1.0
[+] Extensions:              html,php,txt
[+] Timeout:                 10s
===============================================================
2021/11/18 13:31:56 Starting gobuster in directory enumeration mode
===============================================================
/favicon.ico          (Status: 200) [Size: 21665]
/index.html           (Status: 301) [Size: 0] [--> ./]
/upload               (Status: 301) [Size: 0] [--> upload/]
===============================================================
2021/11/18 13:38:07 Finished
===============================================================
