===============================================================
Gobuster v3.1.0
by OJ Reeves (@TheColonial) & Christian Mehlmauer (@firefart)
===============================================================
[+] Url:                     http://10.10.187.224/
[+] Method:                  GET
[+] Threads:                 40
[+] Wordlist:                /usr/share/wordlists/directory_enum/common.txt
[+] Negative Status codes:   404
[+] User Agent:              gobuster/3.1.0
[+] Extensions:              txt,html,php
[+] Timeout:                 10s
===============================================================
2021/12/27 05:54:58 Starting gobuster in directory enumeration mode
===============================================================
/.hta.html            (Status: 403) [Size: 278]
/.htaccess.php        (Status: 403) [Size: 278]
/.htpasswd            (Status: 403) [Size: 278]
/.hta.php             (Status: 403) [Size: 278]
/.htaccess.txt        (Status: 403) [Size: 278]
/.htpasswd.html       (Status: 403) [Size: 278]
/.hta.txt             (Status: 403) [Size: 278]
/.htaccess            (Status: 403) [Size: 278]
/.htpasswd.php        (Status: 403) [Size: 278]
/.hta                 (Status: 403) [Size: 278]
/.htaccess.html       (Status: 403) [Size: 278]
/.htpasswd.txt        (Status: 403) [Size: 278]
/admin                (Status: 301) [Size: 314] [--> http://10.10.187.224/admin/]
/etc                  (Status: 301) [Size: 312] [--> http://10.10.187.224/etc/]  
/index.html           (Status: 200) [Size: 11321]                                
/index.html           (Status: 200) [Size: 11321]                                
/server-status        (Status: 403) [Size: 278]                                  
===============================================================
2021/12/27 05:56:44 Finished
===============================================================
