===============================================================
Gobuster v3.1.0
by OJ Reeves (@TheColonial) & Christian Mehlmauer (@firefart)
===============================================================
[+] Url:                     http://hogwartz-castle.thm/
[+] Method:                  GET
[+] Threads:                 40
[+] Wordlist:                /usr/share/wordlists/directory_enum/common.txt
[+] Negative Status codes:   404
[+] User Agent:              gobuster/3.1.0
[+] Extensions:              html,php,txt
[+] Timeout:                 10s
===============================================================
2021/11/25 22:10:52 Starting gobuster in directory enumeration mode
===============================================================
/login                (Status: 405) [Size: 178]
/logout               (Status: 302) [Size: 209] [--> http://hogwartz-castle.thm/]
/server-status        (Status: 403) [Size: 284]                                  
/static               (Status: 301) [Size: 327] [--> http://hogwartz-castle.thm/static/]
===============================================================
2021/11/25 22:13:12 Finished
===============================================================
