===============================================================
Gobuster v3.1.0
by OJ Reeves (@TheColonial) & Christian Mehlmauer (@firefart)
===============================================================
[+] Url:                     http://10.10.110.16/
[+] Method:                  GET
[+] Threads:                 40
[+] Wordlist:                /usr/share/wordlists/directory_enum/directory-list-2.3-medium.txt
[+] Negative Status codes:   404
[+] User Agent:              gobuster/3.1.0
[+] Extensions:              txt,html,php
[+] Timeout:                 10s
===============================================================
2022/03/14 16:47:56 Starting gobuster in directory enumeration mode
===============================================================
/register.php         (Status: 200) [Size: 2334]
/index.php            (Status: 200) [Size: 2372]
/index.html           (Status: 200) [Size: 503] 
/news.php             (Status: 302) [Size: 922] [--> index.php]
/detail.php           (Status: 302) [Size: 1103] [--> index.php]
