===============================================================
Gobuster v3.1.0
by OJ Reeves (@TheColonial) & Christian Mehlmauer (@firefart)
===============================================================
[+] Url:                     http://10.10.51.125/
[+] Method:                  GET
[+] Threads:                 80
[+] Wordlist:                /usr/share/wordlists/directory_enum/common.txt
[+] Negative Status codes:   404
[+] User Agent:              gobuster/3.1.0
[+] Extensions:              html,php,txt
[+] Timeout:                 10s
===============================================================
2021/11/08 09:21:23 Starting gobuster in directory enumeration mode
===============================================================
/.htaccess.txt        (Status: 403) [Size: 277]
/.htpasswd.txt        (Status: 403) [Size: 277]
/.htaccess            (Status: 403) [Size: 277]
/.htpasswd            (Status: 403) [Size: 277]
/.htaccess.html       (Status: 403) [Size: 277]
/.htpasswd.html       (Status: 403) [Size: 277]
/.htpasswd.php        (Status: 403) [Size: 277]
/.htaccess.php        (Status: 403) [Size: 277]
/.hta                 (Status: 403) [Size: 277]
/.hta.html            (Status: 403) [Size: 277]
/.hta.php             (Status: 403) [Size: 277]
/.hta.txt             (Status: 403) [Size: 277]
/assets               (Status: 301) [Size: 313] [--> http://10.10.51.125/assets/]
/config.php           (Status: 200) [Size: 0]                                    
/index.php            (Status: 200) [Size: 598]                                  
/index.php            (Status: 200) [Size: 598]                                  
/server-status        (Status: 403) [Size: 277]                                  
===============================================================
2021/11/08 09:22:24 Finished
===============================================================
