===============================================================
Gobuster v3.1.0
by OJ Reeves (@TheColonial) & Christian Mehlmauer (@firefart)
===============================================================
[+] Url:                     http://10.10.179.174/
[+] Method:                  GET
[+] Threads:                 80
[+] Wordlist:                /usr/share/wordlists/directory_enum/directory-list-2.3-medium.txt
[+] Negative Status codes:   404
[+] User Agent:              gobuster/3.1.0
[+] Extensions:              html,php,txt
[+] Timeout:                 10s
===============================================================
2022/03/30 04:47:52 Starting gobuster in directory enumeration mode
===============================================================
/error                (Status: 500) [Size: 73]
/http%3A%2F%2Fwww.html (Status: 400) [Size: 435]
/http%3A%2F%2Fwww     (Status: 400) [Size: 435] 
/http%3A%2F%2Fwww.php (Status: 400) [Size: 435] 
/http%3A%2F%2Fwww.txt (Status: 400) [Size: 435] 
