===============================================================
Gobuster v3.1.0
by OJ Reeves (@TheColonial) & Christian Mehlmauer (@firefart)
===============================================================
[+] Url:                     http://10.10.191.254/
[+] Method:                  GET
[+] Threads:                 80
[+] Wordlist:                /usr/share/wordlists/directory_enum/common.txt
[+] Negative Status codes:   404
[+] User Agent:              gobuster/3.1.0
[+] Extensions:              php,txt,html
[+] Timeout:                 10s
===============================================================
2021/11/01 15:33:55 Starting gobuster in directory enumeration mode
===============================================================
/img                  (Status: 301) [Size: 173] [--> /img/]
/js                   (Status: 301) [Size: 171] [--> /js/] 
/secret               (Status: 200) [Size: 724]            
===============================================================
2021/11/01 15:39:47 Finished
===============================================================
