===============================================================
Gobuster v3.1.0
by OJ Reeves (@TheColonial) & Christian Mehlmauer (@firefart)
===============================================================
[+] Url:                     http://10.10.189.254/
[+] Method:                  GET
[+] Threads:                 40
[+] Wordlist:                /usr/share/wordlists/directory_enum/directory-list-2.3-medium.txt
[+] Negative Status codes:   404
[+] User Agent:              gobuster/3.1.0
[+] Extensions:              txt,html,php
[+] Timeout:                 10s
===============================================================
2021/12/30 12:31:22 Starting gobuster in directory enumeration mode
===============================================================
/login                (Status: 200) [Size: 857]
/images               (Status: 301) [Size: 179] [--> /images/]
/new                  (Status: 302) [Size: 28] [--> /login]   
/signup               (Status: 200) [Size: 667]               
/admin                (Status: 403) [Size: 392]               
/Login                (Status: 200) [Size: 857]               
/messages             (Status: 302) [Size: 28] [--> /login]   
/robots.txt           (Status: 200) [Size: 31]                
/New                  (Status: 302) [Size: 28] [--> /login]   
/NEW                  (Status: 302) [Size: 28] [--> /login]   
/Admin                (Status: 403) [Size: 392]               
/Signup               (Status: 200) [Size: 667]               
/SignUp               (Status: 200) [Size: 667]               
/stylesheets          (Status: 301) [Size: 189] [--> /stylesheets/]
/Messages             (Status: 302) [Size: 28] [--> /login]        
/signUp               (Status: 200) [Size: 667]                    
